  Stdafx.cpp
C:\Users\ASUS\Documents\kyungilgameacademy\kyungil\WinAPI\RandomFunction.h(13,23): warning C4244: '인수': 'ULONGLONG'에서 'unsigned int'(으)로 변환하면서 데이터가 손실될 수 있습니다.
C:\Users\ASUS\Documents\kyungilgameacademy\kyungil\WinAPI\GImage.h(137,42): warning C4244: '=': 'int'에서 'float'(으)로 변환하면서 데이터가 손실될 수 있습니다.
C:\Users\ASUS\Documents\kyungilgameacademy\kyungil\WinAPI\GImage.h(138,43): warning C4244: '=': 'int'에서 'float'(으)로 변환하면서 데이터가 손실될 수 있습니다.
  FontManager.cpp
  GameNode.cpp
C:\Users\ASUS\Documents\kyungilgameacademy\kyungil\WinAPI\GameNode.cpp(97,16): warning C4102: 'defalut': 참조되지 않은 레이블입니다.
  GImage.cpp
C:\Users\ASUS\Documents\kyungilgameacademy\kyungil\WinAPI\GImage.cpp(95,28): warning C4267: '초기화 중': 'size_t'에서 'int'(으)로 변환하면서 데이터가 손실될 수 있습니다.
C:\Users\ASUS\Documents\kyungilgameacademy\kyungil\WinAPI\GImage.cpp(134,28): warning C4267: '초기화 중': 'size_t'에서 'int'(으)로 변환하면서 데이터가 손실될 수 있습니다.
C:\Users\ASUS\Documents\kyungilgameacademy\kyungil\WinAPI\GImage.cpp(179,28): warning C4267: '초기화 중': 'size_t'에서 'int'(으)로 변환하면서 데이터가 손실될 수 있습니다.
C:\Users\ASUS\Documents\kyungilgameacademy\kyungil\WinAPI\GImage.cpp(225,28): warning C4267: '초기화 중': 'size_t'에서 'int'(으)로 변환하면서 데이터가 손실될 수 있습니다.
C:\Users\ASUS\Documents\kyungilgameacademy\kyungil\WinAPI\GImage.cpp(507,20): warning C4244: '=': 'int'에서 'float'(으)로 변환하면서 데이터가 손실될 수 있습니다.
C:\Users\ASUS\Documents\kyungilgameacademy\kyungil\WinAPI\GImage.cpp(508,20): warning C4244: '=': 'int'에서 'float'(으)로 변환하면서 데이터가 손실될 수 있습니다.
C:\Users\ASUS\Documents\kyungilgameacademy\kyungil\WinAPI\GImage.cpp(508,18): warning C4244: '인수': 'float'에서 'int'(으)로 변환하면서 데이터가 손실될 수 있습니다.
C:\Users\ASUS\Documents\kyungilgameacademy\kyungil\WinAPI\GImage.cpp(507,18): warning C4244: '인수': 'float'에서 'int'(으)로 변환하면서 데이터가 손실될 수 있습니다.
  ImageManager.cpp
  JeongJongha.cpp
C:\Users\ASUS\Documents\kyungilgameacademy\kyungil\WinAPI\JeongJongha.cpp(31,63): warning C4267: '인수': 'size_t'에서 'int'(으)로 변환하면서 데이터가 손실될 수 있습니다.
  KeyManager.cpp
  MainGame1130.cpp
  ParkGeonWoo.cpp
C:\Users\ASUS\Documents\kyungilgameacademy\kyungil\WinAPI\ParkGeonWoo.cpp(32,71): warning C4267: '인수': 'size_t'에서 'int'(으)로 변환하면서 데이터가 손실될 수 있습니다.
  PixelCollision.cpp
C:\Users\ASUS\Documents\kyungilgameacademy\kyungil\WinAPI\PixelCollision.cpp(11,30): warning C4244: '인수': 'float'에서 'int'(으)로 변환하면서 데이터가 손실될 수 있습니다.
C:\Users\ASUS\Documents\kyungilgameacademy\kyungil\WinAPI\PixelCollision.cpp(11,26): warning C4244: '인수': 'float'에서 'int'(으)로 변환하면서 데이터가 손실될 수 있습니다.
C:\Users\ASUS\Documents\kyungilgameacademy\kyungil\WinAPI\PixelCollision.cpp(14,18): warning C4244: '=': 'float'에서 'int'(으)로 변환하면서 데이터가 손실될 수 있습니다.
C:\Users\ASUS\Documents\kyungilgameacademy\kyungil\WinAPI\PixelCollision.cpp(30,18): warning C4244: '=': 'float'에서 'int'(으)로 변환하면서 데이터가 손실될 수 있습니다.
C:\Users\ASUS\Documents\kyungilgameacademy\kyungil\WinAPI\PixelCollision.cpp(35,88): warning C4244: '인수': 'float'에서 'int'(으)로 변환하면서 데이터가 손실될 수 있습니다.
C:\Users\ASUS\Documents\kyungilgameacademy\kyungil\WinAPI\PixelCollision.cpp(43,20): warning C4244: '=': 'int'에서 'float'(으)로 변환하면서 데이터가 손실될 수 있습니다.
C:\Users\ASUS\Documents\kyungilgameacademy\kyungil\WinAPI\PixelCollision.cpp(49,30): warning C4244: '인수': 'float'에서 'int'(으)로 변환하면서 데이터가 손실될 수 있습니다.
C:\Users\ASUS\Documents\kyungilgameacademy\kyungil\WinAPI\PixelCollision.cpp(49,26): warning C4244: '인수': 'float'에서 'int'(으)로 변환하면서 데이터가 손실될 수 있습니다.
C:\Users\ASUS\Documents\kyungilgameacademy\kyungil\WinAPI\PixelCollision.cpp(62,47): warning C4244: '인수': 'float'에서 'int'(으)로 변환하면서 데이터가 손실될 수 있습니다.
C:\Users\ASUS\Documents\kyungilgameacademy\kyungil\WinAPI\PixelCollision.cpp(62,31): warning C4244: '인수': 'float'에서 'int'(으)로 변환하면서 데이터가 손실될 수 있습니다.
  PixelScene.cpp
  SeungChan.cpp
C:\Users\ASUS\Documents\kyungilgameacademy\kyungil\WinAPI\SeungChan.cpp(34,53): warning C4267: '인수': 'size_t'에서 'int'(으)로 변환하면서 데이터가 손실될 수 있습니다.
  TempSoundManager.cpp
  TempSoundScene.cpp
  WinMain1130.cpp
C:\Users\ASUS\Documents\kyungilgameacademy\kyungil\WinAPI\WinMain1130.cpp(158,19): warning C4244: 'return': 'WPARAM'에서 'int'(으)로 변환하면서 데이터가 손실될 수 있습니다.
  코드를 생성하고 있습니다...
  KimDongKyu.cpp
C:\Users\ASUS\Documents\kyungilgameacademy\kyungil\WinAPI\KimDongKyu.cpp(24,75): warning C4267: '인수': 'size_t'에서 'int'(으)로 변환하면서 데이터가 손실될 수 있습니다.
  WinAPI.vcxproj -> C:\Users\ASUS\Documents\kyungilgameacademy\kyungil\x64\Debug\WinAPI.exe
